app/build/intermediates/manifest_merge_blame_file/debug/manifest-merger-blame-debug-report.txt
1<?xml version="1.0" encoding="utf-8"?>
2<manifest xmlns:android="http://schemas.android.com/apk/res/android"
3    package="com.deitel.qlsv"
4    android:versionCode="1"
5    android:versionName="1.0" >
6
7    <uses-sdk
8        android:minSdkVersion="23"
8-->src\main\AndroidManifest.xml
9        android:targetSdkVersion="30" />
9-->src\main\AndroidManifest.xml
10
11    <application
11-->src\main\AndroidManifest.xml:5:5-32:19
12        android:allowBackup="true"
12-->src\main\AndroidManifest.xml:6:9-35
13        android:appComponentFactory="androidx.core.app.CoreComponentFactory"
13-->[androidx.core:core:1.5.0] AndroidManifest.xml:24:18-86
14        android:debuggable="true"
15        android:extractNativeLibs="false"
16        android:icon="@mipmap/ic_launcher"
16-->src\main\AndroidManifest.xml:7:9-43
17        android:label="@string/app_name"
17-->src\main\AndroidManifest.xml:8:9-41
18        android:roundIcon="@mipmap/ic_launcher_round"
18-->src\main\AndroidManifest.xml:9:9-54
19        android:supportsRtl="true"
19-->src\main\AndroidManifest.xml:10:9-35
20        android:testOnly="true"
21        android:theme="@style/Theme.QLSV" >
21-->src\main\AndroidManifest.xml:11:9-42
22        <activity android:name="com.deitel.qlsv.ActivityScore" />
22-->src\main\AndroidManifest.xml:12:9-60
22-->src\main\AndroidManifest.xml:12:19-48
23        <activity android:name="com.deitel.qlsv.ActivityShowAllStudent" />
23-->src\main\AndroidManifest.xml:13:9-60
23-->src\main\AndroidManifest.xml:13:19-57
24        <activity android:name="com.deitel.qlsv.ActivityAddStudenttoSubject" />
24-->src\main\AndroidManifest.xml:14:9-65
24-->src\main\AndroidManifest.xml:14:19-62
25        <activity android:name="com.deitel.qlsv.ActivityAdmin" />
25-->src\main\AndroidManifest.xml:15:9-51
25-->src\main\AndroidManifest.xml:15:19-48
26        <activity android:name="com.deitel.qlsv.ActivityLogin" >
26-->src\main\AndroidManifest.xml:16:9-22:20
26-->src\main\AndroidManifest.xml:16:19-48
27            <intent-filter>
27-->src\main\AndroidManifest.xml:17:13-21:29
28                <action android:name="android.intent.action.MAIN" />
28-->src\main\AndroidManifest.xml:18:17-69
28-->src\main\AndroidManifest.xml:18:25-66
29
30                <category android:name="android.intent.category.LAUNCHER" />
30-->src\main\AndroidManifest.xml:20:17-77
30-->src\main\AndroidManifest.xml:20:27-74
31            </intent-filter>
32        </activity>
33        <activity android:name="com.deitel.qlsv.ActivitySubjectStudent" />
33-->src\main\AndroidManifest.xml:23:9-60
33-->src\main\AndroidManifest.xml:23:19-57
34        <activity android:name="com.deitel.qlsv.ActivityUpdateStudent" />
34-->src\main\AndroidManifest.xml:24:9-59
34-->src\main\AndroidManifest.xml:24:19-56
35        <activity android:name="com.deitel.qlsv.ActivityInformationStudent" />
35-->src\main\AndroidManifest.xml:25:9-64
35-->src\main\AndroidManifest.xml:25:19-61
36        <activity android:name="com.deitel.qlsv.ActivityAddStudent" />
36-->src\main\AndroidManifest.xml:26:9-56
36-->src\main\AndroidManifest.xml:26:19-53
37        <activity android:name="com.deitel.qlsv.ActivityUpdateSubject" />
37-->src\main\AndroidManifest.xml:27:9-59
37-->src\main\AndroidManifest.xml:27:19-56
38        <activity android:name="com.deitel.qlsv.ActivitySubjectInformation" />
38-->src\main\AndroidManifest.xml:28:9-64
38-->src\main\AndroidManifest.xml:28:19-61
39        <activity android:name="com.deitel.qlsv.ActivityStudent" />
39-->src\main\AndroidManifest.xml:29:9-53
39-->src\main\AndroidManifest.xml:29:19-50
40        <activity android:name="com.deitel.qlsv.ActivitySubject" />
40-->src\main\AndroidManifest.xml:30:9-53
40-->src\main\AndroidManifest.xml:30:19-50
41        <activity android:name="com.deitel.qlsv.ActivityAddSubject" />
41-->src\main\AndroidManifest.xml:31:9-56
41-->src\main\AndroidManifest.xml:31:19-53
42    </application>
43
44</manifest>